app/build/outputs/mapping/release/seeds.txt
haselmehri.app.com.elivideoplayer.BaseApplication
haselmehri.app.com.elivideoplayer.BaseApplication: BaseApplication()
haselmehri.app.com.elivideoplayer.R$anim: int abc_fade_in
haselmehri.app.com.elivideoplayer.R$anim: int abc_fade_out
haselmehri.app.com.elivideoplayer.R$anim: int abc_grow_fade_in_from_bottom
haselmehri.app.com.elivideoplayer.R$anim: int abc_popup_enter
haselmehri.app.com.elivideoplayer.R$anim: int abc_popup_exit
haselmehri.app.com.elivideoplayer.R$anim: int abc_shrink_fade_out_from_bottom
haselmehri.app.com.elivideoplayer.R$anim: int abc_slide_in_bottom
haselmehri.app.com.elivideoplayer.R$anim: int abc_slide_in_top
haselmehri.app.com.elivideoplayer.R$anim: int abc_slide_out_bottom
haselmehri.app.com.elivideoplayer.R$anim: int abc_slide_out_top
haselmehri.app.com.elivideoplayer.R$anim: int abc_tooltip_enter
haselmehri.app.com.elivideoplayer.R$anim: int abc_tooltip_exit
haselmehri.app.com.elivideoplayer.R$anim: int design_bottom_sheet_slide_in
haselmehri.app.com.elivideoplayer.R$anim: int design_bottom_sheet_slide_out
haselmehri.app.com.elivideoplayer.R$anim: int design_snackbar_in
haselmehri.app.com.elivideoplayer.R$anim: int design_snackbar_out
haselmehri.app.com.elivideoplayer.R$animator: int design_appbar_state_list_animator
haselmehri.app.com.elivideoplayer.R$animator: int design_fab_hide_motion_spec
haselmehri.app.com.elivideoplayer.R$animator: int design_fab_show_motion_spec
haselmehri.app.com.elivideoplayer.R$animator: int mtrl_btn_state_list_anim
haselmehri.app.com.elivideoplayer.R$animator: int mtrl_btn_unelevated_state_list_anim
haselmehri.app.com.elivideoplayer.R$animator: int mtrl_chip_state_list_anim
haselmehri.app.com.elivideoplayer.R$animator: int mtrl_fab_hide_motion_spec
haselmehri.app.com.elivideoplayer.R$animator: int mtrl_fab_show_motion_spec
haselmehri.app.com.elivideoplayer.R$animator: int mtrl_fab_transformation_sheet_collapse_spec
haselmehri.app.com.elivideoplayer.R$animator: int mtrl_fab_transformation_sheet_expand_spec
haselmehri.app.com.elivideoplayer.R$attr: int actionBarDivider
haselmehri.app.com.elivideoplayer.R$attr: int actionBarItemBackground
haselmehri.app.com.elivideoplayer.R$attr: int actionBarPopupTheme
haselmehri.app.com.elivideoplayer.R$attr: int actionBarSize
haselmehri.app.com.elivideoplayer.R$attr: int actionBarSplitStyle
haselmehri.app.com.elivideoplayer.R$attr: int actionBarStyle
haselmehri.app.com.elivideoplayer.R$attr: int actionBarTabBarStyle
haselmehri.app.com.elivideoplayer.R$attr: int actionBarTabStyle
haselmehri.app.com.elivideoplayer.R$attr: int actionBarTabTextStyle
haselmehri.app.com.elivideoplayer.R$attr: int actionBarTheme
haselmehri.app.com.elivideoplayer.R$attr: int actionBarWidgetTheme
haselmehri.app.com.elivideoplayer.R$attr: int actionButtonStyle
haselmehri.app.com.elivideoplayer.R$attr: int actionDropDownStyle
haselmehri.app.com.elivideoplayer.R$attr: int actionLayout
haselmehri.app.com.elivideoplayer.R$attr: int actionMenuTextAppearance
haselmehri.app.com.elivideoplayer.R$attr: int actionMenuTextColor
haselmehri.app.com.elivideoplayer.R$attr: int actionModeBackground
haselmehri.app.com.elivideoplayer.R$attr: int actionModeCloseButtonStyle
haselmehri.app.com.elivideoplayer.R$attr: int actionModeCloseDrawable
haselmehri.app.com.elivideoplayer.R$attr: int actionModeCopyDrawable
haselmehri.app.com.elivideoplayer.R$attr: int actionModeCutDrawable
haselmehri.app.com.elivideoplayer.R$attr: int actionModeFindDrawable
haselmehri.app.com.elivideoplayer.R$bool: int abc_action_bar_embed_tabs
haselmehri.app.com.elivideoplayer.R$bool: int abc_allow_stacked_button_bar
haselmehri.app.com.elivideoplayer.R$bool: int abc_config_actionMenuItemAllCaps
haselmehri.app.com.elivideoplayer.R$bool: int mtrl_btn_textappearance_all_caps
...
com.daimajia.easing.R$styleable: int[] ActionBar
com.daimajia.easing.R$styleable: int ActionBar_background
com.daimajia.easing.R$styleable: int ActionBar_backgroundSplit
com.daimajia.easing.R$styleable: int ActionBar_backgroundStacked
com.daimajia.easing.R$styleable: int ActionBar_contentInsetEnd
com.daimajia.easing.R$styleable: int ActionBar_contentInsetEndWithActions
com.daimajia.easing.R$styleable: int ActionBar_contentInsetLeft
com.daimajia.easing.R$styleable: int ActionBar_contentInsetRight
com.daimajia.easing.R$styleable: int ActionBar_contentInsetStart
com.daimajia.easing.R$styleable: int ActionBar_contentInsetStartWithNavigation
com.daimajia.easing.R$styleable: int ActionBar_customNavigationLayout
com.daimajia.easing.R$styleable: int ActionBar_displayOptions
com.daimajia.easing.R$styleable: int ActionBar_divider
com.daimajia.easing.R$styleable: int ActionBar_elevation
com.daimajia.easing.R$styleable: int ActionBar_height
com.daimajia.easing.R$styleable: int ActionBar_hideOnContentScroll
com.daimajia.easing.R$styleable: int ActionBar_homeAsUpIndicator
com.daimajia.easing.R$styleable: int ActionBar_homeLayout
com.daimajia.easing.R$styleable: int ActionBar_icon
com.daimajia.easing.R$styleable: int ActionBar_indeterminateProgressStyle
com.daimajia.easing.R$styleable: int ActionBar_itemPadding
com.daimajia.easing.R$styleable: int ActionBar_logo
com.daimajia.easing.R$styleable: int ActionBar_navigationMode
com.daimajia.easing.R$styleable: int ActionBar_popupTheme
com.daimajia.easing.Skill: com.daimajia.easing.Skill[] values()
com.daimajia.easing.Skill: com.daimajia.easing.Skill valueOf(java.lang.String)
com.google.android.gms.ads.identifier.AdvertisingIdClient
com.google.android.gms.ads.identifier.AdvertisingIdClient: com.google.android.gms.common.BlockingServiceConnection zze
com.google.android.gms.ads.identifier.AdvertisingIdClient: com.google.android.gms.internal.ads_identifier.zze zzf
com.google.android.gms.ads.identifier.AdvertisingIdClient: boolean zzg
com.google.android.gms.ads.identifier.AdvertisingIdClient: java.lang.Object zzh
com.google.android.gms.ads.identifier.AdvertisingIdClient: com.google.android.gms.ads.identifier.AdvertisingIdClient$zza zzi
com.google.android.gms.ads.identifier.AdvertisingIdClient: android.content.Context mContext
com.google.android.gms.ads.identifier.AdvertisingIdClient: boolean zzj
com.google.android.gms.ads.identifier.AdvertisingIdClient: long zzk
com.google.android.gms.ads.identifier.AdvertisingIdClient: AdvertisingIdClient(android.content.Context)
com.google.android.gms.ads.identifier.AdvertisingIdClient: AdvertisingIdClient(android.content.Context,long,boolean,boolean)
com.google.android.gms.ads.identifier.AdvertisingIdClient: void start()
com.google.android.gms.ads.identifier.AdvertisingIdClient: void zza(boolean)
com.google.android.gms.ads.identifier.AdvertisingIdClient: void setShouldSkipGmsCoreVersionCheck(boolean)
com.google.android.gms.ads.identifier.AdvertisingIdClient: void zza()
com.google.android.gms.ads.identifier.AdvertisingIdClient: com.google.android.gms.ads.identifier.AdvertisingIdClient$Info getInfo()
com.google.android.gms.ads.identifier.AdvertisingIdClient$Info
com.google.android.gms.ads.identifier.AdvertisingIdClient$Info: java.lang.String zzq
com.google.android.gms.ads.identifier.AdvertisingIdClient$Info: boolean zzr
com.google.android.gms.ads.identifier.AdvertisingIdClient$Info: AdvertisingIdClient$Info(java.lang.String,boolean)
com.google.android.gms.ads.identifier.AdvertisingIdClient$Info: java.lang.String getId()
com.google.android.gms.ads.identifier.AdvertisingIdClient$Info: boolean isLimitAdTrackingEnabled()
com.google.android.gms.ads.identifier.AdvertisingIdClient$Info: java.lang.String toString()
com.google.android.gms.auth.api.signin.GoogleSignInAccount
com.google.android.gms.auth.api.signin.GoogleSignInAccount: android.os.Parcelable$Creator CREATOR