app/build/outputs/mapping/release/mapping.txt
haselmehri.app.com.elivideoplayer.BaseApplication -> haselmehri.app.com.elivideoplayer.BaseApplication:
    haselmehri.app.com.elivideoplayer.BaseApplication mInstance -> b
    android.graphics.Typeface iranianSansFont -> c
    java.lang.String TAG -> a
    void <init>() -> <init>
    void onCreate() -> onCreate
    android.graphics.Typeface getIranianSansFont() -> a
    void <clinit>() -> <clinit>
haselmehri.app.com.elivideoplayer.CustomTypefaceSpan -> haselmehri.app.com.elivideoplayer.a:
    android.graphics.Typeface newType -> a
    android.content.Context context -> b
    void <init>(android.content.Context,java.lang.String,android.graphics.Typeface) -> <init>
    void updateDrawState(android.text.TextPaint) -> updateDrawState
    void updateMeasureState(android.text.TextPaint) -> updateMeasureState
    void applyCustomTypeFace(android.content.Context,android.graphics.Paint,android.graphics.Typeface) -> a
haselmehri.app.com.elivideoplayer.SQLiteHelper.VideoPlayerSQLiteHelper -> haselmehri.app.com.elivideoplayer.a.a:
    android.content.Context context -> a
    void <init>(android.content.Context) -> <init>
    void onCreate(android.database.sqlite.SQLiteDatabase) -> onCreate
    void onUpgrade(android.database.sqlite.SQLiteDatabase,int,int) -> onUpgrade
    boolean addFavorite(haselmehri.app.com.elivideoplayer.model.Favorite) -> a
    java.util.List getFavorites() -> a
    boolean checkFavoriteExists(java.lang.String) -> a
    boolean deleteFavorite(java.lang.String) -> b
haselmehri.app.com.elivideoplayer.Utilities -> haselmehri.app.com.elivideoplayer.b:
    void applyFontToMenuItem(android.content.Context,android.view.MenuItem,android.graphics.Typeface) -> a
    java.lang.String getUriRealPath(android.content.Context,android.net.Uri) -> a
    boolean isAboveKitKat() -> a
    java.lang.String getUriRealPathAboveKitkat(android.content.Context,android.net.Uri) -> b
    java.lang.String getRealPath(android.content.ContentResolver,android.net.Uri,java.lang.String) -> a
    boolean isDocumentUri(android.content.Context,android.net.Uri) -> c
    boolean isContentUri(android.net.Uri) -> a
    boolean isFileUri(android.net.Uri) -> b
    boolean isDownloadDoc(java.lang.String) -> a
    boolean isMediaDoc(java.lang.String) -> b
    boolean isGooglePhotoDoc(java.lang.String) -> c
    boolean isExternalStoreDoc(java.lang.String) -> d
    boolean checkPermission(android.content.Context,java.lang.String,int,java.lang.String,java.lang.String,java.lang.String,java.lang.String) -> a
haselmehri.app.com.elivideoplayer.Utilities$1 -> haselmehri.app.com.elivideoplayer.b$1:
    android.content.Context val$context -> a
    java.lang.String val$permission -> b
    int val$requestCode -> c
    void <init>(android.content.Context,java.lang.String,int) -> <init>
    void onClick(android.content.DialogInterface,int) -> onClick
haselmehri.app.com.elivideoplayer.Utilities$2 -> haselmehri.app.com.elivideoplayer.b$2:
    void <init>() -> <init>
    void onClick(android.content.DialogInterface,int) -> onClick
...
io.fabric.sdk.android.services.settings.AppSettingsData -> a.a.a.a.a.g.e:
    java.lang.String identifier -> a
    java.lang.String status -> b
    java.lang.String url -> c
    java.lang.String reportsUrl -> d
    java.lang.String ndkReportsUrl -> e
    boolean updateRequired -> f
    io.fabric.sdk.android.services.settings.AppIconSettingsData icon -> g
    void <init>(java.lang.String,java.lang.String,java.lang.String,java.lang.String,java.lang.String,boolean,io.fabric.sdk.android.services.settings.AppIconSettingsData) -> <init>
io.fabric.sdk.android.services.settings.BetaSettingsData -> a.a.a.a.a.g.f:
    java.lang.String updateUrl -> a
    int updateSuspendDurationSeconds -> b
    void <init>(java.lang.String,int) -> <init>
io.fabric.sdk.android.services.settings.CachedSettingsIo -> a.a.a.a.a.g.g:
    org.json.JSONObject readCachedSettings() -> a
    void writeCachedSettings(long,org.json.JSONObject) -> a
io.fabric.sdk.android.services.settings.CreateAppSpiCall -> a.a.a.a.a.g.h:
    void <init>(io.fabric.sdk.android.Kit,java.lang.String,java.lang.String,io.fabric.sdk.android.services.network.HttpRequestFactory) -> <init>
    boolean invoke(io.fabric.sdk.android.services.settings.AppRequestData) -> a
io.fabric.sdk.android.services.settings.DefaultCachedSettingsIo -> a.a.a.a.a.g.i:
    io.fabric.sdk.android.Kit kit -> a
    void <init>(io.fabric.sdk.android.Kit) -> <init>
    org.json.JSONObject readCachedSettings() -> a
    void writeCachedSettings(long,org.json.JSONObject) -> a
io.fabric.sdk.android.services.settings.DefaultSettingsController -> a.a.a.a.a.g.j:
    io.fabric.sdk.android.services.settings.SettingsRequest settingsRequest -> a
    io.fabric.sdk.android.services.settings.SettingsJsonTransform settingsJsonTransform -> b
    io.fabric.sdk.android.services.common.CurrentTimeProvider currentTimeProvider -> c
    io.fabric.sdk.android.services.settings.CachedSettingsIo cachedSettingsIo -> d
    io.fabric.sdk.android.services.settings.SettingsSpiCall settingsSpiCall -> e
    io.fabric.sdk.android.Kit kit -> f
    io.fabric.sdk.android.services.persistence.PreferenceStore preferenceStore -> g
    io.fabric.sdk.android.services.common.DataCollectionArbiter dataCollectionArbiter -> h
    void <init>(io.fabric.sdk.android.Kit,io.fabric.sdk.android.services.settings.SettingsRequest,io.fabric.sdk.android.services.common.CurrentTimeProvider,io.fabric.sdk.android.services.settings.SettingsJsonTransform,io.fabric.sdk.android.services.settings.CachedSettingsIo,io.fabric.sdk.android.services.settings.SettingsSpiCall,io.fabric.sdk.android.services.common.DataCollectionArbiter) -> <init>
    io.fabric.sdk.android.services.settings.SettingsData loadSettingsData() -> a
    io.fabric.sdk.android.services.settings.SettingsData loadSettingsData(io.fabric.sdk.android.services.settings.SettingsCacheBehavior) -> a
    io.fabric.sdk.android.services.settings.SettingsData getCachedSettingsData(io.fabric.sdk.android.services.settings.SettingsCacheBehavior) -> b