app/build/outputs/mapping/release/usage.txt
haselmehri.app.com.elivideoplayer.BuildConfig
haselmehri.app.com.elivideoplayer.R
haselmehri.app.com.elivideoplayer.R$anim
haselmehri.app.com.elivideoplayer.R$animator
haselmehri.app.com.elivideoplayer.R$attr
haselmehri.app.com.elivideoplayer.R$bool
haselmehri.app.com.elivideoplayer.R$color
haselmehri.app.com.elivideoplayer.R$dimen
haselmehri.app.com.elivideoplayer.R$drawable
haselmehri.app.com.elivideoplayer.R$id
haselmehri.app.com.elivideoplayer.R$integer
haselmehri.app.com.elivideoplayer.R$interpolator
haselmehri.app.com.elivideoplayer.R$layout
haselmehri.app.com.elivideoplayer.R$menu
haselmehri.app.com.elivideoplayer.R$mipmap
haselmehri.app.com.elivideoplayer.R$string
haselmehri.app.com.elivideoplayer.R$style
haselmehri.app.com.elivideoplayer.R$styleable
haselmehri.app.com.elivideoplayer.R$xml
haselmehri.app.com.elivideoplayer.SQLiteHelper.VideoPlayerSQLiteHelper:
    private static final java.lang.String TAG
    private static final java.lang.String DATABASE_NAME
    private static final int DATABASE_VERSION
    public static final java.lang.String FAVORITE_TABLE_NAME
    public static final java.lang.String COL_FILE_PATH
    private static final java.lang.String SQL_COMMAND_CREATE_FAVORITE_TABLE
    59:59:public boolean deleteDatabase()
haselmehri.app.com.elivideoplayer.Utilities:
    public static final int PERMISSIONS_REQUEST_CODE_READ_EXTERNAL_STORAGE
    28:28:public Utilities()
haselmehri.app.com.elivideoplayer.VideoPlayerActivity:
    private static final java.lang.String TAG
    private static final int REQUEST_CODE_PICK_VIDEO
    private static final int REQUEST_CODE_PICK_FILE_FOLDER
    private static final int REQUEST_CODE_PICK_SUBTITLE
    public static final int PERMISSIONS_REQUEST_CODE_READ_EXTERNAL_STORAGE_TO_SUBTITLE
...
com.bumptech.glide.load.model.stream.BaseGlideUrlLoader
com.bumptech.glide.load.model.stream.HttpGlideUrlLoader$Factory:
    78:78:public void teardown()
com.bumptech.glide.load.model.stream.HttpUriLoader$Factory:
    56:56:public void teardown()
com.bumptech.glide.load.model.stream.MediaStoreImageThumbLoader$Factory:
    63:63:public void teardown()
com.bumptech.glide.load.model.stream.MediaStoreVideoThumbLoader$Factory:
    77:77:public void teardown()
com.bumptech.glide.load.model.stream.UrlLoader$StreamFactory:
    52:52:public void teardown()
com.bumptech.glide.load.resource.bitmap.BitmapDrawableDecoder:
    28:29:public BitmapDrawableDecoder(android.content.Context,com.bumptech.glide.load.ResourceDecoder)
    40:41:public BitmapDrawableDecoder(android.content.res.Resources,com.bumptech.glide.load.engine.bitmap_recycle.BitmapPool,com.bumptech.glide.load.ResourceDecoder)
com.bumptech.glide.load.resource.bitmap.BitmapDrawableResource
com.bumptech.glide.load.resource.bitmap.BitmapDrawableTransformation
com.bumptech.glide.load.resource.bitmap.BitmapEncoder:
    private static final java.lang.String TAG
com.bumptech.glide.load.resource.bitmap.BitmapTransitionOptions
com.bumptech.glide.load.resource.bitmap.CenterCrop:
    private static final java.lang.String ID
com.bumptech.glide.load.resource.bitmap.CenterInside:
    private static final java.lang.String ID
com.bumptech.glide.load.resource.bitmap.CircleCrop
com.bumptech.glide.load.resource.bitmap.DefaultImageHeaderParser:
    private static final java.lang.String TAG
    private static final int GIF_HEADER
    private static final int PNG_HEADER
    static final int EXIF_MAGIC_NUMBER
    private static final int MOTOROLA_TIFF_MAGIC_NUMBER
    private static final int INTEL_TIFF_MAGIC_NUMBER
    private static final java.lang.String JPEG_EXIF_SEGMENT_PREAMBLE
    private static final int SEGMENT_SOS
    private static final int MARKER_EOI
    static final int SEGMENT_START_ID
    static final int EXIF_SEGMENT_TYPE
    private static final int ORIENTATION_TAG_TYPE
    private static final int RIFF_HEADER
    private static final int WEBP_HEADER
    private static final int VP8_HEADER
    private static final int VP8_HEADER_MASK
    private static final int VP8_HEADER_TYPE_MASK
    private static final int VP8_HEADER_TYPE_EXTENDED
    private static final int VP8_HEADER_TYPE_LOSSLESS
    private static final int WEBP_EXTENDED_ALPHA_FLAG
    private static final int WEBP_LOSSLESS_ALPHA_FLAG
    82:83:public int getOrientation(java.nio.ByteBuffer,com.bumptech.glide.load.engine.bitmap_recycle.ArrayPool)
com.bumptech.glide.load.resource.bitmap.Downsampler:
    static final java.lang.String TAG
    private static final java.lang.String WBMP_MIME_TYPE
    private static final java.lang.String ICO_MIME_TYPE
    private static final int MARK_POSITION
com.bumptech.glide.load.resource.bitmap.DrawableToBitmapConverter:
    private static final java.lang.String TAG
    24:26:private DrawableToBitmapConverter()
com.bumptech.glide.load.resource.bitmap.ExifInterfaceImageHeaderParser:
    52:52:public int getOrientation(java.nio.ByteBuffer,com.bumptech.glide.load.engine.bitmap_recycle.ArrayPool)
com.bumptech.glide.load.resource.bitmap.FitCenter:
    private static final java.lang.String ID
com.bumptech.glide.load.resource.bitmap.HardwareConfigState:
    private static final int MIN_HARDWARE_DIMENSION
    private static final int MINIMUM_DECODES_BETWEEN_FD_CHECKS
    private static final int MAXIMUM_FDS_FOR_HARDWARE_CONFIGS
com.bumptech.glide.load.resource.bitmap.LazyBitmapDrawableResource:
    31:35:public static com.bumptech.glide.load.resource.bitmap.LazyBitmapDrawableResource obtain(android.content.Context,android.graphics.Bitmap)
    45:46:public static com.bumptech.glide.load.resource.bitmap.LazyBitmapDrawableResource obtain(android.content.res.Resources,com.bumptech.glide.load.engine.bitmap_recycle.BitmapPool,android.graphics.Bitmap)